-encoding
UTF-8
-outxml
-source
1.6
-target
1.6
-classpath
C:\Users\sivasankar\.m2\repository\antlr\antlr\2.7.6\antlr-2.7.6.jar;C:\Users\sivasankar\.m2\repository\aopalliance\aopalliance\1.0\aopalliance-1.0.jar;C:\Users\sivasankar\.m2\repository\asm\asm\3.1\asm-3.1.jar;C:\Users\sivasankar\.m2\repository\cglib\cglib\2.2\cglib-2.2.jar;C:\Users\sivasankar\.m2\repository\cglib\cglib-nodep\2.2.2\cglib-nodep-2.2.2.jar;C:\Users\sivasankar\.m2\repository\com\oracle\ojdbc14\10.2.0.5\ojdbc14-10.2.0.5.jar;C:\Users\sivasankar\.m2\repository\commons-beanutils\commons-beanutils\1.8.3\commons-beanutils-1.8.3.jar;C:\Users\sivasankar\.m2\repository\commons-codec\commons-codec\1.5\commons-codec-1.5.jar;C:\Users\sivasankar\.m2\repository\commons-collections\commons-collections\3.1\commons-collections-3.1.jar;C:\Users\sivasankar\.m2\repository\commons-dbcp\commons-dbcp\1.4\commons-dbcp-1.4.jar;C:\Users\sivasankar\.m2\repository\commons-digester\commons-digester\2.1\commons-digester-2.1.jar;C:\Users\sivasankar\.m2\repository\commons-fileupload\commons-fileupload\1.2.2\commons-fileupload-1.2.2.jar;C:\Users\sivasankar\.m2\repository\commons-io\commons-io\2.2\commons-io-2.2.jar;C:\Users\sivasankar\.m2\repository\commons-pool\commons-pool\1.5.6\commons-pool-1.5.6.jar;C:\Users\sivasankar\.m2\repository\dom4j\dom4j\1.6.1\dom4j-1.6.1.jar;C:\Users\sivasankar\.m2\repository\javassist\javassist\3.12.0.GA\javassist-3.12.0.GA.jar;C:\Users\sivasankar\.m2\repository\javax\servlet\servlet-api\2.5\servlet-api-2.5.jar;C:\Users\sivasankar\.m2\repository\javax\transaction\jta\1.1\jta-1.1.jar;C:\Users\sivasankar\.m2\repository\javax\validation\validation-api\1.0.0.GA\validation-api-1.0.0.GA.jar;C:\Users\sivasankar\.m2\repository\joda-time\joda-time\1.6\joda-time-1.6.jar;C:\Users\sivasankar\.m2\repository\log4j\log4j\1.2.16\log4j-1.2.16.jar;C:\Users\sivasankar\.m2\repository\opensymphony\sitemesh\2.4.2\sitemesh-2.4.2.jar;C:\Users\sivasankar\.m2\repository\org\apache\commons\commons-lang3\3.1\commons-lang3-3.1.jar;C:\Users\sivasankar\.m2\repository\org\aspectj\aspectjrt\1.7.0\aspectjrt-1.7.0.jar;C:\Users\sivasankar\.m2\repository\org\aspectj\aspectjweaver\1.7.0\aspectjweaver-1.7.0.jar;C:\Users\sivasankar\.m2\repository\org\codehaus\jackson\jackson-core-asl\1.9.2\jackson-core-asl-1.9.2.jar;C:\Users\sivasankar\.m2\repository\org\codehaus\jackson\jackson-mapper-asl\1.9.2\jackson-mapper-asl-1.9.2.jar;C:\Users\sivasankar\.m2\repository\org\freemarker\freemarker\2.3.16\freemarker-2.3.16.jar;C:\Users\sivasankar\.m2\repository\org\hibernate\hibernate-annotations\3.5.6-Final\hibernate-annotations-3.5.6-Final.jar;C:\Users\sivasankar\.m2\repository\org\hibernate\hibernate-commons-annotations\3.2.0.Final\hibernate-commons-annotations-3.2.0.Final.jar;C:\Users\sivasankar\.m2\repository\org\hibernate\hibernate-core\3.5.6-Final\hibernate-core-3.5.6-Final.jar;C:\Users\sivasankar\.m2\repository\org\hibernate\hibernate-entitymanager\3.6.10.Final\hibernate-entitymanager-3.6.10.Final.jar;C:\Users\sivasankar\.m2\repository\org\hibernate\hibernate-validator\4.1.0.Final\hibernate-validator-4.1.0.Final.jar;C:\Users\sivasankar\.m2\repository\org\hibernate\javax\persistence\hibernate-jpa-2.0-api\1.0.0.Final\hibernate-jpa-2.0-api-1.0.0.Final.jar;C:\Users\sivasankar\.m2\repository\org\slf4j\jcl-over-slf4j\1.7.2\jcl-over-slf4j-1.7.2.jar;C:\Users\sivasankar\.m2\repository\org\slf4j\slf4j-api\1.7.2\slf4j-api-1.7.2.jar;C:\Users\sivasankar\.m2\repository\org\slf4j\slf4j-log4j12\1.7.2\slf4j-log4j12-1.7.2.jar;C:\Users\sivasankar\.m2\repository\org\springframework\spring-aop\3.1.0.RELEASE\spring-aop-3.1.0.RELEASE.jar;C:\Users\sivasankar\.m2\repository\org\springframework\spring-asm\3.1.0.RELEASE\spring-asm-3.1.0.RELEASE.jar;C:\Users\sivasankar\.m2\repository\org\springframework\spring-aspects\3.1.0.RELEASE\spring-aspects-3.1.0.RELEASE.jar;C:\Users\sivasankar\.m2\repository\org\springframework\spring-beans\3.1.0.RELEASE\spring-beans-3.1.0.RELEASE.jar;C:\Users\sivasankar\.m2\repository\org\springframework\spring-context\3.1.0.RELEASE\spring-context-3.1.0.RELEASE.jar;C:\Users\sivasankar\.m2\repository\org\springframework\spring-context-support\3.1.0.RELEASE\spring-context-support-3.1.0.RELEASE.jar;C:\Users\sivasankar\.m2\repository\org\springframework\spring-core\3.1.0.RELEASE\spring-core-3.1.0.RELEASE.jar;C:\Users\sivasankar\.m2\repository\org\springframework\spring-expression\3.1.0.RELEASE\spring-expression-3.1.0.RELEASE.jar;C:\Users\sivasankar\.m2\repository\org\springframework\spring-jdbc\3.1.0.RELEASE\spring-jdbc-3.1.0.RELEASE.jar;C:\Users\sivasankar\.m2\repository\org\springframework\spring-orm\3.1.0.RELEASE\spring-orm-3.1.0.RELEASE.jar;C:\Users\sivasankar\.m2\repository\org\springframework\spring-test\3.1.0.RELEASE\spring-test-3.1.0.RELEASE.jar;C:\Users\sivasankar\.m2\repository\org\springframework\spring-tx\3.1.0.RELEASE\spring-tx-3.1.0.RELEASE.jar;C:\Users\sivasankar\.m2\repository\org\springframework\spring-web\3.1.0.RELEASE\spring-web-3.1.0.RELEASE.jar;C:\Users\sivasankar\.m2\repository\org\springframework\spring-webmvc\3.1.0.RELEASE\spring-webmvc-3.1.0.RELEASE.jar;D:\Ch SivaSankar\SpringSource\ecatalog26072013\target\classes
-aspectpath
C:\Users\sivasankar\.m2\repository\org\springframework\spring-aspects\3.1.0.RELEASE\spring-aspects-3.1.0.RELEASE.jar
-d
D:\Ch SivaSankar\SpringSource\ecatalog26072013\target\classes
D:\Ch SivaSankar\SpringSource\ecatalog26072013\src\main\java\org\cisco\catalog\domain\ProductImage.java
D:\Ch SivaSankar\SpringSource\ecatalog26072013\src\main\java\org\cisco\catalog\dao\CategoryDaoImpl.java
D:\Ch SivaSankar\SpringSource\ecatalog26072013\src\main\java\org\cisco\catalog\domain\Upload.java
D:\Ch SivaSankar\SpringSource\ecatalog26072013\src\main\java\org\cisco\catalog\util\ImageUtil.java
D:\Ch SivaSankar\SpringSource\ecatalog26072013\src\main\java\org\cisco\catalog\web\TagController.java
D:\Ch SivaSankar\SpringSource\ecatalog26072013\src\main\java\org\cisco\catalog\service\ProductPromotionServiceImpl.java
D:\Ch SivaSankar\SpringSource\ecatalog26072013\src\main\java\org\cisco\catalog\web\CategoryController.java
D:\Ch SivaSankar\SpringSource\ecatalog26072013\src\main\java\org\cisco\catalog\dao\UsyncDao.java
D:\Ch SivaSankar\SpringSource\ecatalog26072013\src\main\java\org\cisco\catalog\util\RequestContext.java
D:\Ch SivaSankar\SpringSource\ecatalog26072013\src\main\java\org\cisco\catalog\service\UserServiceImpl.java
D:\Ch SivaSankar\SpringSource\ecatalog26072013\src\main\java\org\cisco\catalog\domain\Category.java
D:\Ch SivaSankar\SpringSource\ecatalog26072013\src\main\java\org\cisco\catalog\dao\ProductDao.java
D:\Ch SivaSankar\SpringSource\ecatalog26072013\src\main\java\org\cisco\catalog\web\IndexController.java
D:\Ch SivaSankar\SpringSource\ecatalog26072013\src\main\java\org\cisco\catalog\dao\GroupDao.java
D:\Ch SivaSankar\SpringSource\ecatalog26072013\src\main\java\org\cisco\catalog\domain\Group.java
D:\Ch SivaSankar\SpringSource\ecatalog26072013\src\main\java\org\cisco\catalog\service\PromotionService.java
D:\Ch SivaSankar\SpringSource\ecatalog26072013\src\main\java\org\cisco\catalog\service\ImageServiceImpl.java
D:\Ch SivaSankar\SpringSource\ecatalog26072013\src\main\java\org\cisco\catalog\dao\ProductImageDao.java
D:\Ch SivaSankar\SpringSource\ecatalog26072013\src\main\java\org\cisco\catalog\dao\ProductDaoImpl.java
D:\Ch SivaSankar\SpringSource\ecatalog26072013\src\main\java\org\cisco\catalog\domain\Promotion.java
D:\Ch SivaSankar\SpringSource\ecatalog26072013\src\main\java\org\cisco\catalog\util\FileUtil.java
D:\Ch SivaSankar\SpringSource\ecatalog26072013\src\main\java\org\cisco\catalog\domain\ProductPromotion.java
D:\Ch SivaSankar\SpringSource\ecatalog26072013\src\main\java\org\cisco\catalog\service\UsyncService.java
D:\Ch SivaSankar\SpringSource\ecatalog26072013\src\main\java\org\cisco\catalog\service\ProductImageServiceImpl.java
D:\Ch SivaSankar\SpringSource\ecatalog26072013\src\main\java\org\cisco\catalog\filter\AuthenticationFilter.java
D:\Ch SivaSankar\SpringSource\ecatalog26072013\src\main\java\org\cisco\catalog\dao\BlobDataDao.java
D:\Ch SivaSankar\SpringSource\ecatalog26072013\src\main\java\org\cisco\catalog\dao\ImageDao.java
D:\Ch SivaSankar\SpringSource\ecatalog26072013\src\main\java\org\cisco\catalog\domain\json\JSONDto.java
D:\Ch SivaSankar\SpringSource\ecatalog26072013\src\main\java\org\cisco\catalog\web\PromotionController.java
D:\Ch SivaSankar\SpringSource\ecatalog26072013\src\main\java\org\cisco\catalog\web\UsyncController.java
D:\Ch SivaSankar\SpringSource\ecatalog26072013\src\main\java\org\cisco\catalog\service\CategoryService.java
D:\Ch SivaSankar\SpringSource\ecatalog26072013\src\main\java\org\cisco\catalog\service\ProductPromotionService.java
D:\Ch SivaSankar\SpringSource\ecatalog26072013\src\main\java\org\cisco\catalog\dao\UploadDao.java
D:\Ch SivaSankar\SpringSource\ecatalog26072013\src\main\java\org\cisco\catalog\web\UserController.java
D:\Ch SivaSankar\SpringSource\ecatalog26072013\src\main\java\org\cisco\catalog\domain\json\ErrorDto.java
D:\Ch SivaSankar\SpringSource\ecatalog26072013\src\main\java\org\cisco\catalog\web\ImageController.java
D:\Ch SivaSankar\SpringSource\ecatalog26072013\src\main\java\org\cisco\catalog\util\DateUtil.java
D:\Ch SivaSankar\SpringSource\ecatalog26072013\src\main\java\org\cisco\catalog\dao\ProductPromotionDaoImpl.java
D:\Ch SivaSankar\SpringSource\ecatalog26072013\src\main\java\org\cisco\catalog\dao\ProductImageDaoImpl.java
D:\Ch SivaSankar\SpringSource\ecatalog26072013\src\main\java\org\cisco\catalog\domain\json\PromotionDto.java
D:\Ch SivaSankar\SpringSource\ecatalog26072013\src\main\java\org\cisco\catalog\service\CartoonService.java
D:\Ch SivaSankar\SpringSource\ecatalog26072013\src\main\java\org\cisco\catalog\service\UserService.java
D:\Ch SivaSankar\SpringSource\ecatalog26072013\src\main\java\org\cisco\catalog\dao\CartoonDao.java
D:\Ch SivaSankar\SpringSource\ecatalog26072013\src\main\java\org\cisco\catalog\web\servlet\DocumentLoaderServlet.java
D:\Ch SivaSankar\SpringSource\ecatalog26072013\src\main\java\org\cisco\catalog\util\ContextUtil.java
D:\Ch SivaSankar\SpringSource\ecatalog26072013\src\main\java\org\cisco\catalog\domain\Tag.java
D:\Ch SivaSankar\SpringSource\ecatalog26072013\src\main\java\org\cisco\catalog\dao\UsyncDaoImpl.java
D:\Ch SivaSankar\SpringSource\ecatalog26072013\src\main\java\org\cisco\catalog\util\Context.java
D:\Ch SivaSankar\SpringSource\ecatalog26072013\src\main\java\org\cisco\catalog\service\BlobDataService.java
D:\Ch SivaSankar\SpringSource\ecatalog26072013\src\main\java\org\cisco\catalog\domain\json\ProductDto.java
D:\Ch SivaSankar\SpringSource\ecatalog26072013\src\main\java\org\cisco\catalog\web\ApplicationConversionServiceFactoryBean.java
D:\Ch SivaSankar\SpringSource\ecatalog26072013\src\main\java\org\cisco\catalog\service\CartoonServiceImpl.java
D:\Ch SivaSankar\SpringSource\ecatalog26072013\src\main\java\org\cisco\catalog\service\GroupServiceImpl.java
D:\Ch SivaSankar\SpringSource\ecatalog26072013\src\main\java\org\cisco\catalog\domain\User.java
D:\Ch SivaSankar\SpringSource\ecatalog26072013\src\main\java\org\cisco\catalog\dao\ImageDaoImpl.java
D:\Ch SivaSankar\SpringSource\ecatalog26072013\src\main\java\org\cisco\catalog\service\ProductServiceImpl.java
D:\Ch SivaSankar\SpringSource\ecatalog26072013\src\main\java\org\cisco\catalog\dao\UploadDaoImpl.java
D:\Ch SivaSankar\SpringSource\ecatalog26072013\src\main\java\org\cisco\catalog\web\GroupController.java
D:\Ch SivaSankar\SpringSource\ecatalog26072013\src\main\java\org\cisco\catalog\dao\CategoryDao.java
D:\Ch SivaSankar\SpringSource\ecatalog26072013\src\main\java\org\cisco\catalog\util\PasswordEncoder.java
D:\Ch SivaSankar\SpringSource\ecatalog26072013\src\main\java\org\cisco\catalog\dao\TagDaoImpl.java
D:\Ch SivaSankar\SpringSource\ecatalog26072013\src\main\java\org\cisco\catalog\domain\BlobData.java
D:\Ch SivaSankar\SpringSource\ecatalog26072013\src\main\java\org\cisco\catalog\service\TagServiceImpl.java
D:\Ch SivaSankar\SpringSource\ecatalog26072013\src\main\java\org\cisco\catalog\dao\UserDaoImpl.java
D:\Ch SivaSankar\SpringSource\ecatalog26072013\src\main\java\org\cisco\catalog\domain\Product.java
D:\Ch SivaSankar\SpringSource\ecatalog26072013\src\main\java\org\cisco\catalog\dao\BlobDataDaoImpl.java
D:\Ch SivaSankar\SpringSource\ecatalog26072013\src\main\java\org\cisco\catalog\dao\GroupDaoImpl.java
D:\Ch SivaSankar\SpringSource\ecatalog26072013\src\main\java\org\cisco\catalog\domain\json\JsonError.java
D:\Ch SivaSankar\SpringSource\ecatalog26072013\src\main\java\org\cisco\catalog\service\ImageService.java
D:\Ch SivaSankar\SpringSource\ecatalog26072013\src\main\java\org\cisco\catalog\domain\json\BaseDto.java
D:\Ch SivaSankar\SpringSource\ecatalog26072013\src\main\java\org\cisco\catalog\web\ProductController.java
D:\Ch SivaSankar\SpringSource\ecatalog26072013\src\main\java\org\cisco\catalog\domain\Image.java
D:\Ch SivaSankar\SpringSource\ecatalog26072013\src\main\java\org\cisco\catalog\util\UploadUtil.java
D:\Ch SivaSankar\SpringSource\ecatalog26072013\src\main\java\org\cisco\catalog\service\BlobDataServiceImpl.java
D:\Ch SivaSankar\SpringSource\ecatalog26072013\src\main\java\org\cisco\catalog\service\GroupService.java
D:\Ch SivaSankar\SpringSource\ecatalog26072013\src\main\java\org\cisco\catalog\service\ProductService.java
D:\Ch SivaSankar\SpringSource\ecatalog26072013\src\main\java\org\cisco\catalog\dao\PromotionDaoImpl.java
D:\Ch SivaSankar\SpringSource\ecatalog26072013\src\main\java\org\cisco\catalog\dao\ProductPromotionDao.java
D:\Ch SivaSankar\SpringSource\ecatalog26072013\src\main\java\org\cisco\catalog\domain\Usync.java
D:\Ch SivaSankar\SpringSource\ecatalog26072013\src\main\java\org\cisco\catalog\dao\CartoonDaoImpl.java
D:\Ch SivaSankar\SpringSource\ecatalog26072013\src\main\java\org\cisco\catalog\service\CategoryServiceImpl.java
D:\Ch SivaSankar\SpringSource\ecatalog26072013\src\main\java\org\cisco\catalog\dao\TagDao.java
D:\Ch SivaSankar\SpringSource\ecatalog26072013\src\main\java\org\cisco\catalog\service\TagService.java
D:\Ch SivaSankar\SpringSource\ecatalog26072013\src\main\java\org\cisco\catalog\service\ProductImageService.java
D:\Ch SivaSankar\SpringSource\ecatalog26072013\src\main\java\org\cisco\catalog\dao\PromotionDao.java
D:\Ch SivaSankar\SpringSource\ecatalog26072013\src\main\java\org\cisco\catalog\util\Sort.java
D:\Ch SivaSankar\SpringSource\ecatalog26072013\src\main\java\org\cisco\catalog\util\StringUtil.java
D:\Ch SivaSankar\SpringSource\ecatalog26072013\src\main\java\org\cisco\catalog\web\ProductJsonController.java
D:\Ch SivaSankar\SpringSource\ecatalog26072013\src\main\java\org\cisco\catalog\service\UsyncServiceImpl.java
D:\Ch SivaSankar\SpringSource\ecatalog26072013\src\main\java\org\cisco\catalog\service\PromotionServiceImpl.java
D:\Ch SivaSankar\SpringSource\ecatalog26072013\src\main\java\org\cisco\catalog\web\UploadController.java
D:\Ch SivaSankar\SpringSource\ecatalog26072013\src\main\java\org\cisco\catalog\web\CartoonController.java
D:\Ch SivaSankar\SpringSource\ecatalog26072013\src\main\java\org\cisco\catalog\service\UploadServiceImpl.java
D:\Ch SivaSankar\SpringSource\ecatalog26072013\src\main\java\org\cisco\catalog\util\UserUtil.java
D:\Ch SivaSankar\SpringSource\ecatalog26072013\src\main\java\org\cisco\catalog\dao\UserDao.java
D:\Ch SivaSankar\SpringSource\ecatalog26072013\src\main\java\org\cisco\catalog\service\UploadService.java
D:\Ch SivaSankar\SpringSource\ecatalog26072013\src\main\java\org\cisco\catalog\domain\Cartoon.java
